This file contains any messages produced by compilers while
running configure, to aid debugging if configure makes a mistake.

It was created by stringfish configure 0.12 traversc@gmail.com, which was
generated by GNU Autoconf 2.69.  Invocation command line was

  $ ./configure 

## --------- ##
## Platform. ##
## --------- ##

hostname = travers-macbook
uname -m = x86_64
uname -r = 17.7.0
uname -s = Darwin
uname -v = Darwin Kernel Version 17.7.0: Wed May 27 17:00:02 PDT 2020; root:xnu-4570.71.80.1~1/RELEASE_X86_64

/usr/bin/uname -p = i386
/bin/uname -X     = unknown

/bin/arch              = unknown
/usr/bin/arch -k       = unknown
/usr/convex/getsysinfo = unknown
/usr/bin/hostinfo      = Mach kernel version:
	 Darwin Kernel Version 17.7.0: Wed May 27 17:00:02 PDT 2020; root:xnu-4570.71.80.1~1/RELEASE_X86_64
Kernel configured for up to 8 processors.
4 processors are physically available.
8 processors are logically available.
Processor type: x86_64h (Intel x86-64h Haswell)
Processors active: 0 1 2 3 4 5 6 7
Primary memory available: 16.00 gigabytes
Default processor set: 362 tasks, 1886 threads, 8 processors
Load average: 1.22, Mach factor: 6.77
/bin/machine           = unknown
/usr/bin/oslevel       = unknown
/bin/universe          = unknown

PATH: /opt/local/bin
PATH: /opt/local/sbin
PATH: /usr/local/opt/gnu-sed/libexec/gnubin
PATH: /usr/local/ncbi/blast/bin/
PATH: /Users/tching/.local/bin
PATH: /Users/tching/Library/Python/3.7/bin/
PATH: /usr/local/bin
PATH: /usr/bin
PATH: /bin
PATH: /usr/sbin
PATH: /sbin
PATH: /usr/local/ncbi/blast/bin
PATH: /Library/TeX/texbin
PATH: /usr/local/ncbi/igblast/bin
PATH: /opt/X11/bin


## ----------- ##
## Core tests. ##
## ----------- ##

configure:1987: checking for pkg-config
configure:2006: found /usr/local/bin/pkg-config
configure:2018: result: /usr/local/bin/pkg-config
configure:2181: checking for gcc
configure:2208: result: clang
configure:2437: checking for C compiler version
configure:2446: clang --version >&5
Apple LLVM version 10.0.0 (clang-1000.10.44.4)
Target: x86_64-apple-darwin17.7.0
Thread model: posix
InstalledDir: /Library/Developer/CommandLineTools/usr/bin
configure:2457: $? = 0
configure:2446: clang -v >&5
Apple LLVM version 10.0.0 (clang-1000.10.44.4)
Target: x86_64-apple-darwin17.7.0
Thread model: posix
InstalledDir: /Library/Developer/CommandLineTools/usr/bin
configure:2457: $? = 0
configure:2446: clang -V >&5
clang: error: argument to '-V' is missing (expected 1 value)
clang: error: no input files
configure:2457: $? = 1
configure:2446: clang -qversion >&5
clang: error: unknown argument: '-qversion'
clang: error: no input files
configure:2457: $? = 1
configure:2477: checking whether the C compiler works
configure:2499: clang    conftest.c  >&5
configure:2503: $? = 0
configure:2551: result: yes
configure:2554: checking for C compiler default output file name
configure:2556: result: a.out
configure:2562: checking for suffix of executables
configure:2569: clang -o conftest    conftest.c  >&5
configure:2573: $? = 0
configure:2595: result: 
configure:2617: checking whether we are cross compiling
configure:2625: clang -o conftest    conftest.c  >&5
configure:2629: $? = 0
configure:2636: ./conftest
configure:2640: $? = 0
configure:2655: result: no
configure:2660: checking for suffix of object files
configure:2682: clang -c   conftest.c >&5
configure:2686: $? = 0
configure:2707: result: o
configure:2711: checking whether we are using the GNU C compiler
configure:2730: clang -c   conftest.c >&5
configure:2730: $? = 0
configure:2739: result: yes
configure:2748: checking whether clang accepts -g
configure:2768: clang -c -g  conftest.c >&5
configure:2768: $? = 0
configure:2809: result: yes
configure:2826: checking for clang option to accept ISO C89
configure:2889: clang  -c -g -O2  conftest.c >&5
configure:2889: $? = 0
configure:2902: result: none needed
configure:2923: checking for C compiler vendor
configure:2970: clang -c -g -O2  conftest.c >&5
conftest.c:15:9: error: use of undeclared identifier 'thisisanerror'
        thisisanerror;
        ^
1 error generated.
configure:2970: $? = 1
configure: failed program was:
| /* confdefs.h */
| #define PACKAGE_NAME "stringfish"
| #define PACKAGE_TARNAME "stringfish"
| #define PACKAGE_VERSION "0.12 traversc@gmail.com"
| #define PACKAGE_STRING "stringfish 0.12 traversc@gmail.com"
| #define PACKAGE_BUGREPORT ""
| #define PACKAGE_URL ""
| /* end confdefs.h.  */
| 
| int
| main ()
| {
| 
|       #if !(defined(__ICC) || defined(__ECC) || defined(__INTEL_COMPILER))
|         thisisanerror;
|       #endif
| 
|   ;
|   return 0;
| }
configure:2970: clang -c -g -O2  conftest.c >&5
conftest.c:15:9: error: use of undeclared identifier 'thisisanerror'
        thisisanerror;
        ^
1 error generated.
configure:2970: $? = 1
configure: failed program was:
| /* confdefs.h */
| #define PACKAGE_NAME "stringfish"
| #define PACKAGE_TARNAME "stringfish"
| #define PACKAGE_VERSION "0.12 traversc@gmail.com"
| #define PACKAGE_STRING "stringfish 0.12 traversc@gmail.com"
| #define PACKAGE_BUGREPORT ""
| #define PACKAGE_URL ""
| /* end confdefs.h.  */
| 
| int
| main ()
| {
| 
|       #if !(defined(__xlc__) || defined(__xlC__) || defined(__IBMC__) || defined(__IBMCPP__))
|         thisisanerror;
|       #endif
| 
|   ;
|   return 0;
| }
configure:2970: clang -c -g -O2  conftest.c >&5
conftest.c:15:9: error: use of undeclared identifier 'thisisanerror'
        thisisanerror;
        ^
1 error generated.
configure:2970: $? = 1
configure: failed program was:
| /* confdefs.h */
| #define PACKAGE_NAME "stringfish"
| #define PACKAGE_TARNAME "stringfish"
| #define PACKAGE_VERSION "0.12 traversc@gmail.com"
| #define PACKAGE_STRING "stringfish 0.12 traversc@gmail.com"
| #define PACKAGE_BUGREPORT ""
| #define PACKAGE_URL ""
| /* end confdefs.h.  */
| 
| int
| main ()
| {
| 
|       #if !(defined(__PATHCC__) || defined(__PATHSCALE__))
|         thisisanerror;
|       #endif
| 
|   ;
|   return 0;
| }
configure:2970: clang -c -g -O2  conftest.c >&5
configure:2970: $? = 0
configure:2978: result: clang
configure:2981: checking for a sed that does not truncate output
configure:3045: result: /usr/local/opt/gnu-sed/libexec/gnubin/sed
configure:3052: checking for C compiler version
configure:3212: clang -o conftest -g -O2   conftest.c  >&5
configure:3212: $? = 0
configure:3212: ./conftest
configure:3212: $? = 0
configure:3221: clang -o conftest -g -O2   conftest.c  >&5
configure:3221: $? = 0
configure:3221: ./conftest
configure:3221: $? = 0
configure:3230: clang -o conftest -g -O2   conftest.c  >&5
configure:3230: $? = 0
configure:3230: ./conftest
configure:3230: $? = 0
configure:3957: result: 10.0.0
configure:4195: creating ./config.status

## ---------------------- ##
## Running config.status. ##
## ---------------------- ##

This file was extended by stringfish config.status 0.12 traversc@gmail.com, which was
generated by GNU Autoconf 2.69.  Invocation command line was

  CONFIG_FILES    = 
  CONFIG_HEADERS  = 
  CONFIG_LINKS    = 
  CONFIG_COMMANDS = 
  $ ./config.status 

on travers-macbook

config.status:760: creating src/Makevars

## ---------------- ##
## Cache variables. ##
## ---------------- ##

ac_cv_c_compiler_gnu=yes
ac_cv_env_CC_set=
ac_cv_env_CC_value=
ac_cv_env_CFLAGS_set=
ac_cv_env_CFLAGS_value=
ac_cv_env_CPPFLAGS_set=
ac_cv_env_CPPFLAGS_value=
ac_cv_env_LDFLAGS_set=
ac_cv_env_LDFLAGS_value=
ac_cv_env_LIBS_set=
ac_cv_env_LIBS_value=
ac_cv_env_build_alias_set=
ac_cv_env_build_alias_value=
ac_cv_env_host_alias_set=
ac_cv_env_host_alias_value=
ac_cv_env_target_alias_set=
ac_cv_env_target_alias_value=
ac_cv_objext=o
ac_cv_path_PKGCONF=/usr/local/bin/pkg-config
ac_cv_path_SED=/usr/local/opt/gnu-sed/libexec/gnubin/sed
ac_cv_prog_ac_ct_CC=clang
ac_cv_prog_cc_c89=
ac_cv_prog_cc_g=yes
ax_cv_c_compiler_vendor=clang
ax_cv_c_compiler_version=10.0.0

## ----------------- ##
## Output variables. ##
## ----------------- ##




	$(AR) rcs libSFPCRE2.a $(LIBPCRE2)
	PCRE2/pcre2_auto_possess.o \
	PCRE2/pcre2_compile.o \
	PCRE2/pcre2_config.o \
	PCRE2/pcre2_context.o \
	PCRE2/pcre2_convert.o \
	PCRE2/pcre2_dfa_match.o \
	PCRE2/pcre2_error.o \
	PCRE2/pcre2_extuni.o \
	PCRE2/pcre2_find_bracket.o \
	PCRE2/pcre2_jit_compile.o \
	PCRE2/pcre2_maketables.o \
	PCRE2/pcre2_match.o \
	PCRE2/pcre2_match_data.o \
	PCRE2/pcre2_newline.o \
	PCRE2/pcre2_ord2utf.o \
	PCRE2/pcre2_pattern_info.o \
	PCRE2/pcre2_script_run.o \
	PCRE2/pcre2_serialize.o \
	PCRE2/pcre2_string_utils.o \
	PCRE2/pcre2_study.o \
	PCRE2/pcre2_substitute.o \
	PCRE2/pcre2_substring.o \
	PCRE2/pcre2_tables.o \
	PCRE2/pcre2_ucd.o \
	PCRE2/pcre2_valid_utf.o \
	PCRE2/pcre2_xclass.o
	rm -f $(SHLIB) $(OBJECTS) $(LIBPCRE2) libSFPCRE2.a'
$(SHLIB): libSFPCRE2.a
ADD_CFLAGS=''
ADD_LIBS='-L. -lSFPCRE2'
CC='clang'
CFLAGS='-g -O2'
COMPILE_STRING='LIBPCRE2 = PCRE2/pcre2_chartables.o \
CPPFLAGS=''
DEFS='-DPACKAGE_NAME=\"stringfish\" -DPACKAGE_TARNAME=\"stringfish\" -DPACKAGE_VERSION=\"0.12\ traversc@gmail.com\" -DPACKAGE_STRING=\"stringfish\ 0.12\ traversc@gmail.com\" -DPACKAGE_BUGREPORT=\"\" -DPACKAGE_URL=\"\"'
ECHO_C='\c'
ECHO_N=''
ECHO_T=''
EXEEXT=''
INCLUDE_PATHS=' -DPCRE2_CODE_UNIT_WIDTH=8 -DHAVE_CONFIG_H -IPCRE2'
LDFLAGS=''
LIBOBJS=''
LIBS=''
LTLIBOBJS=''
OBJEXT='o'
PACKAGE_BUGREPORT=''
PACKAGE_NAME='stringfish'
PACKAGE_STRING='stringfish 0.12 traversc@gmail.com'
PACKAGE_TARNAME='stringfish'
PACKAGE_URL=''
PACKAGE_VERSION='0.12 traversc@gmail.com'
PATH_SEPARATOR=':'
PKGCONF='/usr/local/bin/pkg-config'
SED='/usr/local/opt/gnu-sed/libexec/gnubin/sed'
SHELL='/bin/sh'
ac_ct_CC='clang'
bindir='${exec_prefix}/bin'
build_alias=''
clean:
datadir='${datarootdir}'
datarootdir='${prefix}/share'
docdir='${datarootdir}/doc/${PACKAGE_TARNAME}'
dvidir='${docdir}'
exec_prefix='${prefix}'
host_alias=''
htmldir='${docdir}'
includedir='${prefix}/include'
infodir='${datarootdir}/info'
libSFPCRE2.a: $(LIBPCRE2)
libdir='${exec_prefix}/lib'
libexecdir='${exec_prefix}/libexec'
localedir='${datarootdir}/locale'
localstatedir='${prefix}/var'
mandir='${datarootdir}/man'
oldincludedir='/usr/include'
pdfdir='${docdir}'
prefix='/usr/local'
program_transform_name='s,x,x,'
psdir='${docdir}'
runstatedir='${localstatedir}/run'
sbindir='${exec_prefix}/sbin'
sharedstatedir='${prefix}/com'
sysconfdir='${prefix}/etc'
target_alias=''

## ----------- ##
## confdefs.h. ##
## ----------- ##

/* confdefs.h */
#define PACKAGE_NAME "stringfish"
#define PACKAGE_TARNAME "stringfish"
#define PACKAGE_VERSION "0.12 traversc@gmail.com"
#define PACKAGE_STRING "stringfish 0.12 traversc@gmail.com"
#define PACKAGE_BUGREPORT ""
#define PACKAGE_URL ""

configure: exit 0
